<?xml version="1.0" encoding="UTF-8"?>
<!-- Generated by org.testng.reporters.JUnitReportReporter -->
<testsuite hostname="AIPL5994LT13664" failures="0" tests="1" name="tests.One" time="13.160" errors="0" timestamp="2022-07-18T15:15:52 IST" skipped="0">
  <testcase classname="tests.One" name="testOne" time="13.160"/>
  <system-out>
    <![CDATA[The Internet from chrome]]>
  </system-out>
</testsuite> <!-- tests.One -->
