<?xml version="1.0" encoding="UTF-8"?>
<!-- Generated by org.testng.reporters.JUnitReportReporter -->
<testsuite hostname="AIPL5994LT13664" failures="0" tests="1" name="tests.Two" time="19.569" errors="0" timestamp="2022-07-18T15:15:52 IST" skipped="0">
  <testcase classname="tests.Two" name="testTwo" time="19.569"/>
  <system-out>
    <![CDATA[The Internet from firefox]]>
  </system-out>
</testsuite> <!-- tests.Two -->
